[0.365s] Invoking command in '/home/eid/ws_gazebo/src/build/serial_motor_demo_msgs': CMAKE_PREFIX_PATH=/opt/ros/humble /usr/bin/cmake /home/eid/ws_gazebo/src/serial_motor_demo/serial_motor_demo_msgs -DAMENT_CMAKE_SYMLINK_INSTALL=1 -DCMAKE_INSTALL_PREFIX=/home/eid/ws_gazebo/src/install/serial_motor_demo_msgs
[0.445s] -- Found ament_cmake: 1.3.8 (/opt/ros/humble/share/ament_cmake/cmake)
[0.628s] -- Override CMake install command with custom implementation using symlinks instead of copying resources
[0.669s] -- Found ament_lint_auto: 0.12.10 (/opt/ros/humble/share/ament_lint_auto/cmake)
[0.795s] -- Found rosidl_default_generators: 1.2.0 (/opt/ros/humble/share/rosidl_default_generators/cmake)
[0.802s] -- Using all available rosidl_typesupport_c: rosidl_typesupport_fastrtps_c;rosidl_typesupport_introspection_c
[0.807s] -- Found rosidl_adapter: 3.1.5 (/opt/ros/humble/share/rosidl_adapter/cmake)
[0.860s] -- Using all available rosidl_typesupport_cpp: rosidl_typesupport_fastrtps_cpp;rosidl_typesupport_introspection_cpp
[1.170s] -- Found ament_cmake_ros: 0.10.0 (/opt/ros/humble/share/ament_cmake_ros/cmake)
[1.381s] -- Using all available rosidl_typesupport_c: rosidl_typesupport_fastrtps_c;rosidl_typesupport_introspection_c
[1.626s] -- Using all available rosidl_typesupport_cpp: rosidl_typesupport_fastrtps_cpp;rosidl_typesupport_introspection_cpp
[1.649s] -- Found python_cmake_module: 0.10.0 (/opt/ros/humble/share/python_cmake_module/cmake)
[1.674s] -- Using PYTHON_EXECUTABLE: /usr/bin/python3
[1.674s] -- Using PYTHON_INCLUDE_DIRS: /usr/include/python3.10
[1.674s] -- Using PYTHON_LIBRARIES: /usr/lib/x86_64-linux-gnu/libpython3.10.so
[1.694s] -- Added test 'copyright' to check source files copyright and LICENSE
[1.696s] -- Added test 'lint_cmake' to check CMake code style
[1.697s] -- Added test 'xmllint' to check XML markup files
[1.706s] -- Configuring done
[1.787s] -- Generating done
[1.790s] -- Build files have been written to: /home/eid/ws_gazebo/src/build/serial_motor_demo_msgs
[1.798s] Invoked command in '/home/eid/ws_gazebo/src/build/serial_motor_demo_msgs' returned '0': CMAKE_PREFIX_PATH=/opt/ros/humble /usr/bin/cmake /home/eid/ws_gazebo/src/serial_motor_demo/serial_motor_demo_msgs -DAMENT_CMAKE_SYMLINK_INSTALL=1 -DCMAKE_INSTALL_PREFIX=/home/eid/ws_gazebo/src/install/serial_motor_demo_msgs
[1.799s] Invoking command in '/home/eid/ws_gazebo/src/build/serial_motor_demo_msgs': CMAKE_PREFIX_PATH=/opt/ros/humble /usr/bin/cmake --build /home/eid/ws_gazebo/src/build/serial_motor_demo_msgs -- -j8 -l8
[1.836s] [35m[1mConsolidate compiler generated dependencies of target serial_motor_demo_msgs__rosidl_generator_c[0m
[1.845s] [  2%] Built target serial_motor_demo_msgs__cpp
[1.852s] [ 12%] Built target serial_motor_demo_msgs__rosidl_generator_c
[1.855s] [ 12%] Built target ament_cmake_python_symlink_serial_motor_demo_msgs
[1.861s] [35m[1mConsolidate compiler generated dependencies of target serial_motor_demo_msgs__rosidl_typesupport_cpp[0m
[1.864s] [35m[1mConsolidate compiler generated dependencies of target serial_motor_demo_msgs__rosidl_typesupport_introspection_cpp[0m
[1.867s] [35m[1mConsolidate compiler generated dependencies of target serial_motor_demo_msgs__rosidl_typesupport_introspection_c[0m
[1.868s] [35m[1mConsolidate compiler generated dependencies of target serial_motor_demo_msgs__rosidl_typesupport_fastrtps_c[0m
[1.869s] [35m[1mConsolidate compiler generated dependencies of target serial_motor_demo_msgs__rosidl_typesupport_c[0m
[1.874s] [35m[1mConsolidate compiler generated dependencies of target serial_motor_demo_msgs__rosidl_typesupport_fastrtps_cpp[0m
[1.883s] [ 23%] Built target serial_motor_demo_msgs__rosidl_typesupport_introspection_c
[1.883s] [ 34%] Built target serial_motor_demo_msgs__rosidl_typesupport_cpp
[1.884s] [ 44%] Built target serial_motor_demo_msgs__rosidl_typesupport_introspection_cpp
[1.886s] [ 55%] Built target serial_motor_demo_msgs__rosidl_typesupport_c
[1.893s] [ 65%] Built target serial_motor_demo_msgs__rosidl_typesupport_fastrtps_c
[1.894s] [ 76%] Built target serial_motor_demo_msgs__rosidl_typesupport_fastrtps_cpp
[1.912s] [ 76%] Built target serial_motor_demo_msgs
[1.933s] [ 78%] Built target serial_motor_demo_msgs__py
[1.944s] [35m[1mConsolidate compiler generated dependencies of target serial_motor_demo_msgs__rosidl_generator_py[0m
[1.961s] [ 87%] Built target serial_motor_demo_msgs__rosidl_generator_py
[1.972s] [35m[1mConsolidate compiler generated dependencies of target serial_motor_demo_msgs__rosidl_typesupport_fastrtps_c__pyext[0m
[1.973s] [35m[1mConsolidate compiler generated dependencies of target serial_motor_demo_msgs__rosidl_typesupport_introspection_c__pyext[0m
[1.974s] [35m[1mConsolidate compiler generated dependencies of target serial_motor_demo_msgs__rosidl_typesupport_c__pyext[0m
[1.988s] [ 91%] Built target serial_motor_demo_msgs__rosidl_typesupport_introspection_c__pyext
[1.988s] [ 95%] Built target serial_motor_demo_msgs__rosidl_typesupport_fastrtps_c__pyext
[1.989s] [100%] Built target serial_motor_demo_msgs__rosidl_typesupport_c__pyext
[2.151s] running egg_info
[2.152s] writing serial_motor_demo_msgs.egg-info/PKG-INFO
[2.152s] writing dependency_links to serial_motor_demo_msgs.egg-info/dependency_links.txt
[2.152s] writing top-level names to serial_motor_demo_msgs.egg-info/top_level.txt
[2.155s] reading manifest file 'serial_motor_demo_msgs.egg-info/SOURCES.txt'
[2.156s] writing manifest file 'serial_motor_demo_msgs.egg-info/SOURCES.txt'
[2.180s] [100%] Built target ament_cmake_python_build_serial_motor_demo_msgs_egg
[2.191s] Invoked command in '/home/eid/ws_gazebo/src/build/serial_motor_demo_msgs' returned '0': CMAKE_PREFIX_PATH=/opt/ros/humble /usr/bin/cmake --build /home/eid/ws_gazebo/src/build/serial_motor_demo_msgs -- -j8 -l8
[2.278s] Invoking command in '/home/eid/ws_gazebo/src/build/serial_motor_demo_msgs': CMAKE_PREFIX_PATH=/opt/ros/humble /usr/bin/cmake --install /home/eid/ws_gazebo/src/build/serial_motor_demo_msgs
[2.285s] -- Install configuration: ""
[2.285s] -- Execute custom install script
[2.286s] -- Up-to-date symlink: /home/eid/ws_gazebo/src/install/serial_motor_demo_msgs/share/ament_index/resource_index/rosidl_interfaces/serial_motor_demo_msgs
[2.287s] -- Up-to-date symlink: /home/eid/ws_gazebo/src/install/serial_motor_demo_msgs/include/serial_motor_demo_msgs/serial_motor_demo_msgs/msg/detail/encoder_vals__functions.h
[2.287s] -- Up-to-date symlink: /home/eid/ws_gazebo/src/install/serial_motor_demo_msgs/include/serial_motor_demo_msgs/serial_motor_demo_msgs/msg/detail/encoder_vals__struct.h
[2.288s] -- Up-to-date symlink: /home/eid/ws_gazebo/src/install/serial_motor_demo_msgs/include/serial_motor_demo_msgs/serial_motor_demo_msgs/msg/detail/encoder_vals__type_support.h
[2.288s] -- Up-to-date symlink: /home/eid/ws_gazebo/src/install/serial_motor_demo_msgs/include/serial_motor_demo_msgs/serial_motor_demo_msgs/msg/detail/motor_command__functions.h
[2.288s] -- Up-to-date symlink: /home/eid/ws_gazebo/src/install/serial_motor_demo_msgs/include/serial_motor_demo_msgs/serial_motor_demo_msgs/msg/detail/motor_command__struct.h
[2.288s] -- Up-to-date symlink: /home/eid/ws_gazebo/src/install/serial_motor_demo_msgs/include/serial_motor_demo_msgs/serial_motor_demo_msgs/msg/detail/motor_command__type_support.h
[2.289s] -- Up-to-date symlink: /home/eid/ws_gazebo/src/install/serial_motor_demo_msgs/include/serial_motor_demo_msgs/serial_motor_demo_msgs/msg/detail/motor_vels__functions.h
[2.289s] -- Up-to-date symlink: /home/eid/ws_gazebo/src/install/serial_motor_demo_msgs/include/serial_motor_demo_msgs/serial_motor_demo_msgs/msg/detail/motor_vels__struct.h
[2.289s] -- Up-to-date symlink: /home/eid/ws_gazebo/src/install/serial_motor_demo_msgs/include/serial_motor_demo_msgs/serial_motor_demo_msgs/msg/detail/motor_vels__type_support.h
[2.290s] -- Up-to-date symlink: /home/eid/ws_gazebo/src/install/serial_motor_demo_msgs/include/serial_motor_demo_msgs/serial_motor_demo_msgs/msg/encoder_vals.h
[2.290s] -- Up-to-date symlink: /home/eid/ws_gazebo/src/install/serial_motor_demo_msgs/include/serial_motor_demo_msgs/serial_motor_demo_msgs/msg/motor_command.h
[2.290s] -- Up-to-date symlink: /home/eid/ws_gazebo/src/install/serial_motor_demo_msgs/include/serial_motor_demo_msgs/serial_motor_demo_msgs/msg/motor_vels.h
[2.290s] -- Up-to-date symlink: /home/eid/ws_gazebo/src/install/serial_motor_demo_msgs/include/serial_motor_demo_msgs/serial_motor_demo_msgs/msg/rosidl_generator_c__visibility_control.h
[2.291s] -- Up-to-date symlink: /home/eid/ws_gazebo/src/install/serial_motor_demo_msgs/share/serial_motor_demo_msgs/environment/library_path.sh
[2.291s] -- Up-to-date symlink: /home/eid/ws_gazebo/src/install/serial_motor_demo_msgs/share/serial_motor_demo_msgs/environment/library_path.dsv
[2.292s] -- Up-to-date symlink: /home/eid/ws_gazebo/src/install/serial_motor_demo_msgs/include/serial_motor_demo_msgs/serial_motor_demo_msgs/msg/detail/encoder_vals__rosidl_typesupport_fastrtps_c.h
[2.292s] -- Up-to-date symlink: /home/eid/ws_gazebo/src/install/serial_motor_demo_msgs/include/serial_motor_demo_msgs/serial_motor_demo_msgs/msg/detail/motor_command__rosidl_typesupport_fastrtps_c.h
[2.293s] -- Up-to-date symlink: /home/eid/ws_gazebo/src/install/serial_motor_demo_msgs/include/serial_motor_demo_msgs/serial_motor_demo_msgs/msg/detail/motor_vels__rosidl_typesupport_fastrtps_c.h
[2.293s] -- Up-to-date symlink: /home/eid/ws_gazebo/src/install/serial_motor_demo_msgs/include/serial_motor_demo_msgs/serial_motor_demo_msgs/msg/rosidl_typesupport_fastrtps_c__visibility_control.h
[2.294s] -- Up-to-date symlink: /home/eid/ws_gazebo/src/install/serial_motor_demo_msgs/include/serial_motor_demo_msgs/serial_motor_demo_msgs/msg/detail/encoder_vals__rosidl_typesupport_introspection_c.h
[2.294s] -- Up-to-date symlink: /home/eid/ws_gazebo/src/install/serial_motor_demo_msgs/include/serial_motor_demo_msgs/serial_motor_demo_msgs/msg/detail/motor_command__rosidl_typesupport_introspection_c.h
[2.294s] -- Up-to-date symlink: /home/eid/ws_gazebo/src/install/serial_motor_demo_msgs/include/serial_motor_demo_msgs/serial_motor_demo_msgs/msg/detail/motor_vels__rosidl_typesupport_introspection_c.h
[2.295s] -- Up-to-date symlink: /home/eid/ws_gazebo/src/install/serial_motor_demo_msgs/include/serial_motor_demo_msgs/serial_motor_demo_msgs/msg/rosidl_typesupport_introspection_c__visibility_control.h
[2.295s] -- Up-to-date symlink: /home/eid/ws_gazebo/src/install/serial_motor_demo_msgs/include/serial_motor_demo_msgs/serial_motor_demo_msgs/msg/detail/encoder_vals__builder.hpp
[2.295s] -- Up-to-date symlink: /home/eid/ws_gazebo/src/install/serial_motor_demo_msgs/include/serial_motor_demo_msgs/serial_motor_demo_msgs/msg/detail/encoder_vals__struct.hpp
[2.296s] -- Up-to-date symlink: /home/eid/ws_gazebo/src/install/serial_motor_demo_msgs/include/serial_motor_demo_msgs/serial_motor_demo_msgs/msg/detail/encoder_vals__traits.hpp
[2.296s] -- Up-to-date symlink: /home/eid/ws_gazebo/src/install/serial_motor_demo_msgs/include/serial_motor_demo_msgs/serial_motor_demo_msgs/msg/detail/motor_command__builder.hpp
[2.296s] -- Up-to-date symlink: /home/eid/ws_gazebo/src/install/serial_motor_demo_msgs/include/serial_motor_demo_msgs/serial_motor_demo_msgs/msg/detail/motor_command__struct.hpp
[2.297s] -- Up-to-date symlink: /home/eid/ws_gazebo/src/install/serial_motor_demo_msgs/include/serial_motor_demo_msgs/serial_motor_demo_msgs/msg/detail/motor_command__traits.hpp
[2.297s] -- Up-to-date symlink: /home/eid/ws_gazebo/src/install/serial_motor_demo_msgs/include/serial_motor_demo_msgs/serial_motor_demo_msgs/msg/detail/motor_vels__builder.hpp
[2.297s] -- Up-to-date symlink: /home/eid/ws_gazebo/src/install/serial_motor_demo_msgs/include/serial_motor_demo_msgs/serial_motor_demo_msgs/msg/detail/motor_vels__struct.hpp
[2.297s] -- Up-to-date symlink: /home/eid/ws_gazebo/src/install/serial_motor_demo_msgs/include/serial_motor_demo_msgs/serial_motor_demo_msgs/msg/detail/motor_vels__traits.hpp
[2.298s] -- Up-to-date symlink: /home/eid/ws_gazebo/src/install/serial_motor_demo_msgs/include/serial_motor_demo_msgs/serial_motor_demo_msgs/msg/encoder_vals.hpp
[2.298s] -- Up-to-date symlink: /home/eid/ws_gazebo/src/install/serial_motor_demo_msgs/include/serial_motor_demo_msgs/serial_motor_demo_msgs/msg/motor_command.hpp
[2.298s] -- Up-to-date symlink: /home/eid/ws_gazebo/src/install/serial_motor_demo_msgs/include/serial_motor_demo_msgs/serial_motor_demo_msgs/msg/motor_vels.hpp
[2.299s] -- Up-to-date symlink: /home/eid/ws_gazebo/src/install/serial_motor_demo_msgs/include/serial_motor_demo_msgs/serial_motor_demo_msgs/msg/detail/encoder_vals__rosidl_typesupport_fastrtps_cpp.hpp
[2.300s] -- Up-to-date symlink: /home/eid/ws_gazebo/src/install/serial_motor_demo_msgs/include/serial_motor_demo_msgs/serial_motor_demo_msgs/msg/detail/motor_command__rosidl_typesupport_fastrtps_cpp.hpp
[2.300s] -- Up-to-date symlink: /home/eid/ws_gazebo/src/install/serial_motor_demo_msgs/include/serial_motor_demo_msgs/serial_motor_demo_msgs/msg/detail/motor_vels__rosidl_typesupport_fastrtps_cpp.hpp
[2.300s] -- Up-to-date symlink: /home/eid/ws_gazebo/src/install/serial_motor_demo_msgs/include/serial_motor_demo_msgs/serial_motor_demo_msgs/msg/rosidl_typesupport_fastrtps_cpp__visibility_control.h
[2.301s] -- Up-to-date symlink: /home/eid/ws_gazebo/src/install/serial_motor_demo_msgs/include/serial_motor_demo_msgs/serial_motor_demo_msgs/msg/detail/encoder_vals__rosidl_typesupport_introspection_cpp.hpp
[2.301s] -- Up-to-date symlink: /home/eid/ws_gazebo/src/install/serial_motor_demo_msgs/include/serial_motor_demo_msgs/serial_motor_demo_msgs/msg/detail/motor_command__rosidl_typesupport_introspection_cpp.hpp
[2.301s] -- Up-to-date symlink: /home/eid/ws_gazebo/src/install/serial_motor_demo_msgs/include/serial_motor_demo_msgs/serial_motor_demo_msgs/msg/detail/motor_vels__rosidl_typesupport_introspection_cpp.hpp
[2.302s] -- Up-to-date symlink: /home/eid/ws_gazebo/src/install/serial_motor_demo_msgs/share/serial_motor_demo_msgs/environment/pythonpath.sh
[2.302s] -- Up-to-date symlink: /home/eid/ws_gazebo/src/install/serial_motor_demo_msgs/share/serial_motor_demo_msgs/environment/pythonpath.dsv
[2.304s] -- Up-to-date symlink: /home/eid/ws_gazebo/src/install/serial_motor_demo_msgs/local/lib/python3.10/dist-packages/serial_motor_demo_msgs-0.0.0-py3.10.egg-info/PKG-INFO
[2.304s] -- Up-to-date symlink: /home/eid/ws_gazebo/src/install/serial_motor_demo_msgs/local/lib/python3.10/dist-packages/serial_motor_demo_msgs-0.0.0-py3.10.egg-info/SOURCES.txt
[2.304s] -- Up-to-date symlink: /home/eid/ws_gazebo/src/install/serial_motor_demo_msgs/local/lib/python3.10/dist-packages/serial_motor_demo_msgs-0.0.0-py3.10.egg-info/dependency_links.txt
[2.305s] -- Up-to-date symlink: /home/eid/ws_gazebo/src/install/serial_motor_demo_msgs/local/lib/python3.10/dist-packages/serial_motor_demo_msgs-0.0.0-py3.10.egg-info/top_level.txt
[2.306s] -- Up-to-date symlink: /home/eid/ws_gazebo/src/install/serial_motor_demo_msgs/local/lib/python3.10/dist-packages/serial_motor_demo_msgs/__init__.py
[2.306s] -- Up-to-date symlink: /home/eid/ws_gazebo/src/install/serial_motor_demo_msgs/local/lib/python3.10/dist-packages/serial_motor_demo_msgs/_serial_motor_demo_msgs_s.ep.rosidl_typesupport_c.c
[2.307s] -- Up-to-date symlink: /home/eid/ws_gazebo/src/install/serial_motor_demo_msgs/local/lib/python3.10/dist-packages/serial_motor_demo_msgs/_serial_motor_demo_msgs_s.ep.rosidl_typesupport_fastrtps_c.c
[2.307s] -- Up-to-date symlink: /home/eid/ws_gazebo/src/install/serial_motor_demo_msgs/local/lib/python3.10/dist-packages/serial_motor_demo_msgs/_serial_motor_demo_msgs_s.ep.rosidl_typesupport_introspection_c.c
[2.307s] -- Up-to-date symlink: /home/eid/ws_gazebo/src/install/serial_motor_demo_msgs/local/lib/python3.10/dist-packages/serial_motor_demo_msgs/libserial_motor_demo_msgs__rosidl_generator_py.so
[2.308s] -- Up-to-date symlink: /home/eid/ws_gazebo/src/install/serial_motor_demo_msgs/local/lib/python3.10/dist-packages/serial_motor_demo_msgs/msg/__init__.py
[2.308s] -- Up-to-date symlink: /home/eid/ws_gazebo/src/install/serial_motor_demo_msgs/local/lib/python3.10/dist-packages/serial_motor_demo_msgs/msg/_encoder_vals.py
[2.308s] -- Up-to-date symlink: /home/eid/ws_gazebo/src/install/serial_motor_demo_msgs/local/lib/python3.10/dist-packages/serial_motor_demo_msgs/msg/_encoder_vals_s.c
[2.309s] -- Up-to-date symlink: /home/eid/ws_gazebo/src/install/serial_motor_demo_msgs/local/lib/python3.10/dist-packages/serial_motor_demo_msgs/msg/_motor_command.py
[2.309s] -- Up-to-date symlink: /home/eid/ws_gazebo/src/install/serial_motor_demo_msgs/local/lib/python3.10/dist-packages/serial_motor_demo_msgs/msg/_motor_command_s.c
[2.309s] -- Up-to-date symlink: /home/eid/ws_gazebo/src/install/serial_motor_demo_msgs/local/lib/python3.10/dist-packages/serial_motor_demo_msgs/msg/_motor_vels.py
[2.310s] -- Up-to-date symlink: /home/eid/ws_gazebo/src/install/serial_motor_demo_msgs/local/lib/python3.10/dist-packages/serial_motor_demo_msgs/msg/_motor_vels_s.c
[2.310s] -- Up-to-date symlink: /home/eid/ws_gazebo/src/install/serial_motor_demo_msgs/local/lib/python3.10/dist-packages/serial_motor_demo_msgs/serial_motor_demo_msgs_s__rosidl_typesupport_c.cpython-310-x86_64-linux-gnu.so
[2.310s] -- Up-to-date symlink: /home/eid/ws_gazebo/src/install/serial_motor_demo_msgs/local/lib/python3.10/dist-packages/serial_motor_demo_msgs/serial_motor_demo_msgs_s__rosidl_typesupport_fastrtps_c.cpython-310-x86_64-linux-gnu.so
[2.311s] -- Up-to-date symlink: /home/eid/ws_gazebo/src/install/serial_motor_demo_msgs/local/lib/python3.10/dist-packages/serial_motor_demo_msgs/serial_motor_demo_msgs_s__rosidl_typesupport_introspection_c.cpython-310-x86_64-linux-gnu.so
[2.311s] -- Up-to-date symlink: /home/eid/ws_gazebo/src/install/serial_motor_demo_msgs/local/lib/python3.10/dist-packages/serial_motor_demo_msgs/serial_motor_demo_msgs_s__rosidl_typesupport_fastrtps_c.cpython-310-x86_64-linux-gnu.so
[2.311s] -- Up-to-date symlink: /home/eid/ws_gazebo/src/install/serial_motor_demo_msgs/local/lib/python3.10/dist-packages/serial_motor_demo_msgs/serial_motor_demo_msgs_s__rosidl_typesupport_introspection_c.cpython-310-x86_64-linux-gnu.so
[2.312s] -- Up-to-date symlink: /home/eid/ws_gazebo/src/install/serial_motor_demo_msgs/local/lib/python3.10/dist-packages/serial_motor_demo_msgs/serial_motor_demo_msgs_s__rosidl_typesupport_c.cpython-310-x86_64-linux-gnu.so
[2.312s] -- Up-to-date symlink: /home/eid/ws_gazebo/src/install/serial_motor_demo_msgs/share/serial_motor_demo_msgs/msg/MotorCommand.idl
[2.313s] -- Up-to-date symlink: /home/eid/ws_gazebo/src/install/serial_motor_demo_msgs/share/serial_motor_demo_msgs/msg/MotorVels.idl
[2.313s] -- Up-to-date symlink: /home/eid/ws_gazebo/src/install/serial_motor_demo_msgs/share/serial_motor_demo_msgs/msg/EncoderVals.idl
[2.314s] -- Up-to-date symlink: /home/eid/ws_gazebo/src/install/serial_motor_demo_msgs/share/serial_motor_demo_msgs/msg/MotorCommand.msg
[2.314s] -- Up-to-date symlink: /home/eid/ws_gazebo/src/install/serial_motor_demo_msgs/share/serial_motor_demo_msgs/msg/MotorVels.msg
[2.314s] -- Up-to-date symlink: /home/eid/ws_gazebo/src/install/serial_motor_demo_msgs/share/serial_motor_demo_msgs/msg/EncoderVals.msg
[2.315s] -- Up-to-date symlink: /home/eid/ws_gazebo/src/install/serial_motor_demo_msgs/share/ament_index/resource_index/package_run_dependencies/serial_motor_demo_msgs
[2.315s] -- Up-to-date symlink: /home/eid/ws_gazebo/src/install/serial_motor_demo_msgs/share/ament_index/resource_index/parent_prefix_path/serial_motor_demo_msgs
[2.316s] -- Up-to-date symlink: /home/eid/ws_gazebo/src/install/serial_motor_demo_msgs/share/serial_motor_demo_msgs/environment/ament_prefix_path.sh
[2.316s] -- Up-to-date symlink: /home/eid/ws_gazebo/src/install/serial_motor_demo_msgs/share/serial_motor_demo_msgs/environment/ament_prefix_path.dsv
[2.317s] -- Up-to-date symlink: /home/eid/ws_gazebo/src/install/serial_motor_demo_msgs/share/serial_motor_demo_msgs/environment/path.sh
[2.317s] -- Up-to-date symlink: /home/eid/ws_gazebo/src/install/serial_motor_demo_msgs/share/serial_motor_demo_msgs/environment/path.dsv
[2.317s] -- Up-to-date symlink: /home/eid/ws_gazebo/src/install/serial_motor_demo_msgs/share/serial_motor_demo_msgs/local_setup.bash
[2.318s] -- Up-to-date symlink: /home/eid/ws_gazebo/src/install/serial_motor_demo_msgs/share/serial_motor_demo_msgs/local_setup.sh
[2.318s] -- Up-to-date symlink: /home/eid/ws_gazebo/src/install/serial_motor_demo_msgs/share/serial_motor_demo_msgs/local_setup.zsh
[2.319s] -- Up-to-date symlink: /home/eid/ws_gazebo/src/install/serial_motor_demo_msgs/share/serial_motor_demo_msgs/local_setup.dsv
[2.319s] -- Symlinking: /home/eid/ws_gazebo/src/install/serial_motor_demo_msgs/share/serial_motor_demo_msgs/package.dsv
[2.328s] -- Up-to-date symlink: /home/eid/ws_gazebo/src/install/serial_motor_demo_msgs/share/ament_index/resource_index/packages/serial_motor_demo_msgs
[2.328s] -- Up-to-date symlink: /home/eid/ws_gazebo/src/install/serial_motor_demo_msgs/share/serial_motor_demo_msgs/cmake/rosidl_cmake-extras.cmake
[2.328s] -- Up-to-date symlink: /home/eid/ws_gazebo/src/install/serial_motor_demo_msgs/share/serial_motor_demo_msgs/cmake/ament_cmake_export_include_directories-extras.cmake
[2.329s] -- Up-to-date symlink: /home/eid/ws_gazebo/src/install/serial_motor_demo_msgs/share/serial_motor_demo_msgs/cmake/ament_cmake_export_libraries-extras.cmake
[2.329s] -- Up-to-date symlink: /home/eid/ws_gazebo/src/install/serial_motor_demo_msgs/share/serial_motor_demo_msgs/cmake/ament_cmake_export_targets-extras.cmake
[2.330s] -- Up-to-date symlink: /home/eid/ws_gazebo/src/install/serial_motor_demo_msgs/share/serial_motor_demo_msgs/cmake/rosidl_cmake_export_typesupport_targets-extras.cmake
[2.330s] -- Up-to-date symlink: /home/eid/ws_gazebo/src/install/serial_motor_demo_msgs/share/serial_motor_demo_msgs/cmake/ament_cmake_export_dependencies-extras.cmake
[2.331s] -- Up-to-date symlink: /home/eid/ws_gazebo/src/install/serial_motor_demo_msgs/share/serial_motor_demo_msgs/cmake/rosidl_cmake_export_typesupport_libraries-extras.cmake
[2.331s] -- Up-to-date symlink: /home/eid/ws_gazebo/src/install/serial_motor_demo_msgs/share/serial_motor_demo_msgs/cmake/serial_motor_demo_msgsConfig.cmake
[2.331s] -- Up-to-date symlink: /home/eid/ws_gazebo/src/install/serial_motor_demo_msgs/share/serial_motor_demo_msgs/cmake/serial_motor_demo_msgsConfig-version.cmake
[2.332s] -- Up-to-date symlink: /home/eid/ws_gazebo/src/install/serial_motor_demo_msgs/share/serial_motor_demo_msgs/package.xml
[2.333s] -- Up-to-date: /home/eid/ws_gazebo/src/install/serial_motor_demo_msgs/lib/libserial_motor_demo_msgs__rosidl_generator_c.so
[2.334s] -- Up-to-date: /home/eid/ws_gazebo/src/install/serial_motor_demo_msgs/lib/libserial_motor_demo_msgs__rosidl_typesupport_fastrtps_c.so
[2.335s] -- Up-to-date: /home/eid/ws_gazebo/src/install/serial_motor_demo_msgs/lib/libserial_motor_demo_msgs__rosidl_typesupport_introspection_c.so
[2.335s] -- Up-to-date: /home/eid/ws_gazebo/src/install/serial_motor_demo_msgs/lib/libserial_motor_demo_msgs__rosidl_typesupport_c.so
[2.336s] -- Up-to-date: /home/eid/ws_gazebo/src/install/serial_motor_demo_msgs/lib/libserial_motor_demo_msgs__rosidl_typesupport_fastrtps_cpp.so
[2.337s] -- Up-to-date: /home/eid/ws_gazebo/src/install/serial_motor_demo_msgs/lib/libserial_motor_demo_msgs__rosidl_typesupport_introspection_cpp.so
[2.338s] -- Up-to-date: /home/eid/ws_gazebo/src/install/serial_motor_demo_msgs/lib/libserial_motor_demo_msgs__rosidl_typesupport_cpp.so
[2.374s] Listing '/home/eid/ws_gazebo/src/install/serial_motor_demo_msgs/local/lib/python3.10/dist-packages/serial_motor_demo_msgs'...
[2.374s] Compiling '/home/eid/ws_gazebo/src/install/serial_motor_demo_msgs/local/lib/python3.10/dist-packages/serial_motor_demo_msgs/__init__.py'...
[2.374s] Listing '/home/eid/ws_gazebo/src/install/serial_motor_demo_msgs/local/lib/python3.10/dist-packages/serial_motor_demo_msgs/msg'...
[2.379s] -- Up-to-date: /home/eid/ws_gazebo/src/install/serial_motor_demo_msgs/lib/libserial_motor_demo_msgs__rosidl_generator_py.so
[2.380s] -- Up-to-date: /home/eid/ws_gazebo/src/install/serial_motor_demo_msgs/share/serial_motor_demo_msgs/cmake/export_serial_motor_demo_msgs__rosidl_generator_cExport.cmake
[2.380s] -- Up-to-date: /home/eid/ws_gazebo/src/install/serial_motor_demo_msgs/share/serial_motor_demo_msgs/cmake/export_serial_motor_demo_msgs__rosidl_generator_cExport-noconfig.cmake
[2.380s] -- Up-to-date: /home/eid/ws_gazebo/src/install/serial_motor_demo_msgs/share/serial_motor_demo_msgs/cmake/export_serial_motor_demo_msgs__rosidl_typesupport_fastrtps_cExport.cmake
[2.380s] -- Up-to-date: /home/eid/ws_gazebo/src/install/serial_motor_demo_msgs/share/serial_motor_demo_msgs/cmake/export_serial_motor_demo_msgs__rosidl_typesupport_fastrtps_cExport-noconfig.cmake
[2.381s] -- Up-to-date: /home/eid/ws_gazebo/src/install/serial_motor_demo_msgs/share/serial_motor_demo_msgs/cmake/serial_motor_demo_msgs__rosidl_typesupport_introspection_cExport.cmake
[2.381s] -- Up-to-date: /home/eid/ws_gazebo/src/install/serial_motor_demo_msgs/share/serial_motor_demo_msgs/cmake/serial_motor_demo_msgs__rosidl_typesupport_introspection_cExport-noconfig.cmake
[2.381s] -- Up-to-date: /home/eid/ws_gazebo/src/install/serial_motor_demo_msgs/share/serial_motor_demo_msgs/cmake/serial_motor_demo_msgs__rosidl_typesupport_cExport.cmake
[2.381s] -- Up-to-date: /home/eid/ws_gazebo/src/install/serial_motor_demo_msgs/share/serial_motor_demo_msgs/cmake/serial_motor_demo_msgs__rosidl_typesupport_cExport-noconfig.cmake
[2.381s] -- Up-to-date: /home/eid/ws_gazebo/src/install/serial_motor_demo_msgs/share/serial_motor_demo_msgs/cmake/export_serial_motor_demo_msgs__rosidl_generator_cppExport.cmake
[2.382s] -- Up-to-date: /home/eid/ws_gazebo/src/install/serial_motor_demo_msgs/share/serial_motor_demo_msgs/cmake/export_serial_motor_demo_msgs__rosidl_typesupport_fastrtps_cppExport.cmake
[2.382s] -- Up-to-date: /home/eid/ws_gazebo/src/install/serial_motor_demo_msgs/share/serial_motor_demo_msgs/cmake/export_serial_motor_demo_msgs__rosidl_typesupport_fastrtps_cppExport-noconfig.cmake
[2.382s] -- Up-to-date: /home/eid/ws_gazebo/src/install/serial_motor_demo_msgs/share/serial_motor_demo_msgs/cmake/serial_motor_demo_msgs__rosidl_typesupport_introspection_cppExport.cmake
[2.383s] -- Up-to-date: /home/eid/ws_gazebo/src/install/serial_motor_demo_msgs/share/serial_motor_demo_msgs/cmake/serial_motor_demo_msgs__rosidl_typesupport_introspection_cppExport-noconfig.cmake
[2.383s] -- Up-to-date: /home/eid/ws_gazebo/src/install/serial_motor_demo_msgs/share/serial_motor_demo_msgs/cmake/serial_motor_demo_msgs__rosidl_typesupport_cppExport.cmake
[2.383s] -- Up-to-date: /home/eid/ws_gazebo/src/install/serial_motor_demo_msgs/share/serial_motor_demo_msgs/cmake/serial_motor_demo_msgs__rosidl_typesupport_cppExport-noconfig.cmake
[2.383s] -- Up-to-date: /home/eid/ws_gazebo/src/install/serial_motor_demo_msgs/share/serial_motor_demo_msgs/cmake/export_serial_motor_demo_msgs__rosidl_generator_pyExport.cmake
[2.383s] -- Up-to-date: /home/eid/ws_gazebo/src/install/serial_motor_demo_msgs/share/serial_motor_demo_msgs/cmake/export_serial_motor_demo_msgs__rosidl_generator_pyExport-noconfig.cmake
[2.386s] Invoked command in '/home/eid/ws_gazebo/src/build/serial_motor_demo_msgs' returned '0': CMAKE_PREFIX_PATH=/opt/ros/humble /usr/bin/cmake --install /home/eid/ws_gazebo/src/build/serial_motor_demo_msgs
