[0.038s] Invoking command in '/home/eid/ws_gazebo/src/build/diffdrive_arduino': CMAKE_PREFIX_PATH=${CMAKE_PREFIX_PATH}:/home/eid/ws_gazebo/src/install/serial_motor_demo:/opt/ros/humble /usr/bin/cmake --build /home/eid/ws_gazebo/src/build/diffdrive_arduino -- -j8 -l8
[0.231s] [100%] Built target diffdrive_arduino
[0.259s] Invoked command in '/home/eid/ws_gazebo/src/build/diffdrive_arduino' returned '0': CMAKE_PREFIX_PATH=${CMAKE_PREFIX_PATH}:/home/eid/ws_gazebo/src/install/serial_motor_demo:/opt/ros/humble /usr/bin/cmake --build /home/eid/ws_gazebo/src/build/diffdrive_arduino -- -j8 -l8
[0.332s] Invoking command in '/home/eid/ws_gazebo/src/build/diffdrive_arduino': CMAKE_PREFIX_PATH=${CMAKE_PREFIX_PATH}:/home/eid/ws_gazebo/src/install/serial_motor_demo:/opt/ros/humble /usr/bin/cmake --install /home/eid/ws_gazebo/src/build/diffdrive_arduino
[0.345s] -- Install configuration: ""
[0.352s] -- Execute custom install script
[0.352s] -- Up-to-date symlink: /home/eid/ws_gazebo/src/install/diffdrive_arduino/share/diffdrive_arduino//diffdrive_arduino.xml
[0.356s] -- Up-to-date symlink: /home/eid/ws_gazebo/src/install/diffdrive_arduino/include/diffdrive_arduino/diffdrive_arduino/arduino_comms.hpp
[0.356s] -- Up-to-date symlink: /home/eid/ws_gazebo/src/install/diffdrive_arduino/include/diffdrive_arduino/diffdrive_arduino/diffbot_system.hpp
[0.357s] -- Up-to-date symlink: /home/eid/ws_gazebo/src/install/diffdrive_arduino/include/diffdrive_arduino/diffdrive_arduino/visibility_control.h
[0.358s] -- Up-to-date symlink: /home/eid/ws_gazebo/src/install/diffdrive_arduino/include/diffdrive_arduino/diffdrive_arduino/wheel.hpp
[0.358s] -- Up-to-date symlink: /home/eid/ws_gazebo/src/install/diffdrive_arduino/share/diffdrive_arduino/launch/view_robot.launch.py
[0.359s] -- Up-to-date symlink: /home/eid/ws_gazebo/src/install/diffdrive_arduino/share/diffdrive_arduino/ros2_control/diffbot.ros2_control.xacro
[0.366s] -- Up-to-date symlink: /home/eid/ws_gazebo/src/install/diffdrive_arduino/share/diffdrive_arduino/urdf/diffbot.materials.xacro
[0.366s] -- Up-to-date symlink: /home/eid/ws_gazebo/src/install/diffdrive_arduino/share/diffdrive_arduino/urdf/diffbot.urdf.xacro
[0.366s] -- Up-to-date symlink: /home/eid/ws_gazebo/src/install/diffdrive_arduino/share/diffdrive_arduino/urdf/diffbot_description.urdf.xacro
[0.367s] -- Up-to-date symlink: /home/eid/ws_gazebo/src/install/diffdrive_arduino/share/diffdrive_arduino/rviz/diffbot.rviz
[0.367s] -- Up-to-date symlink: /home/eid/ws_gazebo/src/install/diffdrive_arduino/share/diffdrive_arduino/rviz/diffbot_view.rviz
[0.370s] -- Up-to-date symlink: /home/eid/ws_gazebo/src/install/diffdrive_arduino/share/diffdrive_arduino/launch/diffbot.launch.py
[0.371s] -- Up-to-date symlink: /home/eid/ws_gazebo/src/install/diffdrive_arduino/share/diffdrive_arduino/config/diffbot_controllers.yaml
[0.371s] -- Up-to-date symlink: /home/eid/ws_gazebo/src/install/diffdrive_arduino/share/diffdrive_arduino/environment/library_path.sh
[0.371s] -- Up-to-date symlink: /home/eid/ws_gazebo/src/install/diffdrive_arduino/share/diffdrive_arduino/environment/library_path.dsv
[0.371s] -- Up-to-date symlink: /home/eid/ws_gazebo/src/install/diffdrive_arduino/share/ament_index/resource_index/package_run_dependencies/diffdrive_arduino
[0.372s] -- Up-to-date symlink: /home/eid/ws_gazebo/src/install/diffdrive_arduino/share/ament_index/resource_index/parent_prefix_path/diffdrive_arduino
[0.372s] -- Up-to-date symlink: /home/eid/ws_gazebo/src/install/diffdrive_arduino/share/diffdrive_arduino/environment/ament_prefix_path.sh
[0.372s] -- Up-to-date symlink: /home/eid/ws_gazebo/src/install/diffdrive_arduino/share/diffdrive_arduino/environment/ament_prefix_path.dsv
[0.372s] -- Up-to-date symlink: /home/eid/ws_gazebo/src/install/diffdrive_arduino/share/diffdrive_arduino/environment/path.sh
[0.372s] -- Up-to-date symlink: /home/eid/ws_gazebo/src/install/diffdrive_arduino/share/diffdrive_arduino/environment/path.dsv
[0.373s] -- Up-to-date symlink: /home/eid/ws_gazebo/src/install/diffdrive_arduino/share/diffdrive_arduino/local_setup.bash
[0.373s] -- Up-to-date symlink: /home/eid/ws_gazebo/src/install/diffdrive_arduino/share/diffdrive_arduino/local_setup.sh
[0.373s] -- Up-to-date symlink: /home/eid/ws_gazebo/src/install/diffdrive_arduino/share/diffdrive_arduino/local_setup.zsh
[0.373s] -- Up-to-date symlink: /home/eid/ws_gazebo/src/install/diffdrive_arduino/share/diffdrive_arduino/local_setup.dsv
[0.374s] -- Symlinking: /home/eid/ws_gazebo/src/install/diffdrive_arduino/share/diffdrive_arduino/package.dsv
[0.388s] -- Up-to-date symlink: /home/eid/ws_gazebo/src/install/diffdrive_arduino/share/ament_index/resource_index/packages/diffdrive_arduino
[0.388s] -- Up-to-date symlink: /home/eid/ws_gazebo/src/install/diffdrive_arduino/share/ament_index/resource_index/hardware_interface__pluginlib__plugin/diffdrive_arduino
[0.388s] -- Up-to-date symlink: /home/eid/ws_gazebo/src/install/diffdrive_arduino/share/diffdrive_arduino/cmake/ament_cmake_export_targets-extras.cmake
[0.389s] -- Up-to-date symlink: /home/eid/ws_gazebo/src/install/diffdrive_arduino/share/diffdrive_arduino/cmake/ament_cmake_export_dependencies-extras.cmake
[0.389s] -- Up-to-date symlink: /home/eid/ws_gazebo/src/install/diffdrive_arduino/share/diffdrive_arduino/cmake/diffdrive_arduinoConfig.cmake
[0.389s] -- Up-to-date symlink: /home/eid/ws_gazebo/src/install/diffdrive_arduino/share/diffdrive_arduino/cmake/diffdrive_arduinoConfig-version.cmake
[0.389s] -- Up-to-date symlink: /home/eid/ws_gazebo/src/install/diffdrive_arduino/share/diffdrive_arduino/package.xml
[0.390s] -- Up-to-date: /home/eid/ws_gazebo/src/install/diffdrive_arduino/lib/libdiffdrive_arduino.so
[0.392s] -- Up-to-date: /home/eid/ws_gazebo/src/install/diffdrive_arduino/share/diffdrive_arduino/cmake/export_diffdrive_arduinoExport.cmake
[0.392s] -- Up-to-date: /home/eid/ws_gazebo/src/install/diffdrive_arduino/share/diffdrive_arduino/cmake/export_diffdrive_arduinoExport-noconfig.cmake
[0.409s] Invoked command in '/home/eid/ws_gazebo/src/build/diffdrive_arduino' returned '0': CMAKE_PREFIX_PATH=${CMAKE_PREFIX_PATH}:/home/eid/ws_gazebo/src/install/serial_motor_demo:/opt/ros/humble /usr/bin/cmake --install /home/eid/ws_gazebo/src/build/diffdrive_arduino
