[0.610s] Invoking command in '/home/eid/ws_gazebo/src/build/diffdrive_arduino': CMAKE_PREFIX_PATH=${CMAKE_PREFIX_PATH}:/home/eid/ws_gazebo/install/serial_motor_demo:/home/eid/ws_gazebo/install/serial:/home/eid/ws_gazebo/src/install/serial_motor_demo:/opt/ros/humble /usr/bin/cmake --build /home/eid/ws_gazebo/src/build/diffdrive_arduino -- -j8 -l8
[1.714s] [100%] Built target diffdrive_arduino
[2.382s] Invoked command in '/home/eid/ws_gazebo/src/build/diffdrive_arduino' returned '0': CMAKE_PREFIX_PATH=${CMAKE_PREFIX_PATH}:/home/eid/ws_gazebo/install/serial_motor_demo:/home/eid/ws_gazebo/install/serial:/home/eid/ws_gazebo/src/install/serial_motor_demo:/opt/ros/humble /usr/bin/cmake --build /home/eid/ws_gazebo/src/build/diffdrive_arduino -- -j8 -l8
[2.614s] Invoking command in '/home/eid/ws_gazebo/src/build/diffdrive_arduino': CMAKE_PREFIX_PATH=${CMAKE_PREFIX_PATH}:/home/eid/ws_gazebo/install/serial_motor_demo:/home/eid/ws_gazebo/install/serial:/home/eid/ws_gazebo/src/install/serial_motor_demo:/opt/ros/humble /usr/bin/cmake --install /home/eid/ws_gazebo/src/build/diffdrive_arduino
[2.726s] -- Install configuration: ""
[2.950s] -- Execute custom install script
[3.114s] -- Up-to-date symlink: /home/eid/ws_gazebo/src/install/diffdrive_arduino/share/diffdrive_arduino//diffdrive_arduino.xml
[3.455s] -- Up-to-date symlink: /home/eid/ws_gazebo/src/install/diffdrive_arduino/include/diffdrive_arduino/diffdrive_arduino/arduino_comms.hpp
[3.511s] -- Up-to-date symlink: /home/eid/ws_gazebo/src/install/diffdrive_arduino/include/diffdrive_arduino/diffdrive_arduino/diffbot_system.hpp
[3.515s] -- Up-to-date symlink: /home/eid/ws_gazebo/src/install/diffdrive_arduino/include/diffdrive_arduino/diffdrive_arduino/visibility_control.h
[3.518s] -- Up-to-date symlink: /home/eid/ws_gazebo/src/install/diffdrive_arduino/include/diffdrive_arduino/diffdrive_arduino/wheel.hpp
[3.518s] -- Up-to-date symlink: /home/eid/ws_gazebo/src/install/diffdrive_arduino/share/diffdrive_arduino/launch/view_robot.launch.py
[3.520s] -- Up-to-date symlink: /home/eid/ws_gazebo/src/install/diffdrive_arduino/share/diffdrive_arduino/ros2_control/diffbot.ros2_control.xacro
[3.521s] -- Up-to-date symlink: /home/eid/ws_gazebo/src/install/diffdrive_arduino/share/diffdrive_arduino/urdf/diffbot.materials.xacro
[3.522s] -- Up-to-date symlink: /home/eid/ws_gazebo/src/install/diffdrive_arduino/share/diffdrive_arduino/urdf/diffbot.urdf.xacro
[3.522s] -- Up-to-date symlink: /home/eid/ws_gazebo/src/install/diffdrive_arduino/share/diffdrive_arduino/urdf/diffbot_description.urdf.xacro
[3.522s] -- Up-to-date symlink: /home/eid/ws_gazebo/src/install/diffdrive_arduino/share/diffdrive_arduino/rviz/diffbot.rviz
[3.522s] -- Up-to-date symlink: /home/eid/ws_gazebo/src/install/diffdrive_arduino/share/diffdrive_arduino/rviz/diffbot_view.rviz
[3.523s] -- Up-to-date symlink: /home/eid/ws_gazebo/src/install/diffdrive_arduino/share/diffdrive_arduino/launch/diffbot.launch.py
[3.524s] -- Up-to-date symlink: /home/eid/ws_gazebo/src/install/diffdrive_arduino/share/diffdrive_arduino/config/diffbot_controllers.yaml
[3.524s] -- Up-to-date symlink: /home/eid/ws_gazebo/src/install/diffdrive_arduino/share/diffdrive_arduino/environment/library_path.sh
[3.524s] -- Up-to-date symlink: /home/eid/ws_gazebo/src/install/diffdrive_arduino/share/diffdrive_arduino/environment/library_path.dsv
[3.525s] -- Up-to-date symlink: /home/eid/ws_gazebo/src/install/diffdrive_arduino/share/ament_index/resource_index/package_run_dependencies/diffdrive_arduino
[3.525s] -- Up-to-date symlink: /home/eid/ws_gazebo/src/install/diffdrive_arduino/share/ament_index/resource_index/parent_prefix_path/diffdrive_arduino
[3.526s] -- Up-to-date symlink: /home/eid/ws_gazebo/src/install/diffdrive_arduino/share/diffdrive_arduino/environment/ament_prefix_path.sh
[3.526s] -- Up-to-date symlink: /home/eid/ws_gazebo/src/install/diffdrive_arduino/share/diffdrive_arduino/environment/ament_prefix_path.dsv
[3.527s] -- Up-to-date symlink: /home/eid/ws_gazebo/src/install/diffdrive_arduino/share/diffdrive_arduino/environment/path.sh
[3.527s] -- Up-to-date symlink: /home/eid/ws_gazebo/src/install/diffdrive_arduino/share/diffdrive_arduino/environment/path.dsv
[3.527s] -- Up-to-date symlink: /home/eid/ws_gazebo/src/install/diffdrive_arduino/share/diffdrive_arduino/local_setup.bash
[3.528s] -- Up-to-date symlink: /home/eid/ws_gazebo/src/install/diffdrive_arduino/share/diffdrive_arduino/local_setup.sh
[3.528s] -- Up-to-date symlink: /home/eid/ws_gazebo/src/install/diffdrive_arduino/share/diffdrive_arduino/local_setup.zsh
[3.529s] -- Up-to-date symlink: /home/eid/ws_gazebo/src/install/diffdrive_arduino/share/diffdrive_arduino/local_setup.dsv
[3.529s] -- Symlinking: /home/eid/ws_gazebo/src/install/diffdrive_arduino/share/diffdrive_arduino/package.dsv
[3.541s] -- Up-to-date symlink: /home/eid/ws_gazebo/src/install/diffdrive_arduino/share/ament_index/resource_index/packages/diffdrive_arduino
[3.542s] -- Up-to-date symlink: /home/eid/ws_gazebo/src/install/diffdrive_arduino/share/ament_index/resource_index/hardware_interface__pluginlib__plugin/diffdrive_arduino
[3.542s] -- Up-to-date symlink: /home/eid/ws_gazebo/src/install/diffdrive_arduino/share/diffdrive_arduino/cmake/ament_cmake_export_targets-extras.cmake
[3.543s] -- Up-to-date symlink: /home/eid/ws_gazebo/src/install/diffdrive_arduino/share/diffdrive_arduino/cmake/ament_cmake_export_dependencies-extras.cmake
[3.543s] -- Up-to-date symlink: /home/eid/ws_gazebo/src/install/diffdrive_arduino/share/diffdrive_arduino/cmake/diffdrive_arduinoConfig.cmake
[3.543s] -- Up-to-date symlink: /home/eid/ws_gazebo/src/install/diffdrive_arduino/share/diffdrive_arduino/cmake/diffdrive_arduinoConfig-version.cmake
[3.543s] -- Up-to-date symlink: /home/eid/ws_gazebo/src/install/diffdrive_arduino/share/diffdrive_arduino/package.xml
[3.545s] -- Up-to-date: /home/eid/ws_gazebo/src/install/diffdrive_arduino/lib/libdiffdrive_arduino.so
[3.546s] -- Up-to-date: /home/eid/ws_gazebo/src/install/diffdrive_arduino/share/diffdrive_arduino/cmake/export_diffdrive_arduinoExport.cmake
[3.547s] -- Up-to-date: /home/eid/ws_gazebo/src/install/diffdrive_arduino/share/diffdrive_arduino/cmake/export_diffdrive_arduinoExport-noconfig.cmake
[3.597s] Invoked command in '/home/eid/ws_gazebo/src/build/diffdrive_arduino' returned '0': CMAKE_PREFIX_PATH=${CMAKE_PREFIX_PATH}:/home/eid/ws_gazebo/install/serial_motor_demo:/home/eid/ws_gazebo/install/serial:/home/eid/ws_gazebo/src/install/serial_motor_demo:/opt/ros/humble /usr/bin/cmake --install /home/eid/ws_gazebo/src/build/diffdrive_arduino
