[0.597s] Invoking command in '/home/eid/ws_gazebo/src/build/my_first_pkg': CMAKE_PREFIX_PATH=${CMAKE_PREFIX_PATH}:/home/eid/ws_gazebo/install/serial_motor_demo:/home/eid/ws_gazebo/install/serial:/home/eid/ws_gazebo/src/install/serial_motor_demo:/opt/ros/humble /usr/bin/cmake --build /home/eid/ws_gazebo/src/build/my_first_pkg -- -j8 -l8
[1.484s] [100%] Built target my_node
[1.506s] Invoked command in '/home/eid/ws_gazebo/src/build/my_first_pkg' returned '0': CMAKE_PREFIX_PATH=${CMAKE_PREFIX_PATH}:/home/eid/ws_gazebo/install/serial_motor_demo:/home/eid/ws_gazebo/install/serial:/home/eid/ws_gazebo/src/install/serial_motor_demo:/opt/ros/humble /usr/bin/cmake --build /home/eid/ws_gazebo/src/build/my_first_pkg -- -j8 -l8
[1.532s] Invoking command in '/home/eid/ws_gazebo/src/build/my_first_pkg': CMAKE_PREFIX_PATH=${CMAKE_PREFIX_PATH}:/home/eid/ws_gazebo/install/serial_motor_demo:/home/eid/ws_gazebo/install/serial:/home/eid/ws_gazebo/src/install/serial_motor_demo:/opt/ros/humble /usr/bin/cmake --install /home/eid/ws_gazebo/src/build/my_first_pkg
[1.558s] -- Install configuration: ""
[1.566s] -- Execute custom install script
[1.588s] -- Up-to-date symlink: /home/eid/ws_gazebo/src/install/my_first_pkg/lib/my_first_pkg/my_node
[1.597s] -- Up-to-date symlink: /home/eid/ws_gazebo/src/install/my_first_pkg/share/my_first_pkg//launch/display.launch.py
[1.601s] -- Up-to-date symlink: /home/eid/ws_gazebo/src/install/my_first_pkg/share/my_first_pkg//launch/gazebo.launch.py
[1.604s] -- Up-to-date symlink: /home/eid/ws_gazebo/src/install/my_first_pkg/share/my_first_pkg//urdf/my_robot.urdf
[1.613s] -- Up-to-date symlink: /home/eid/ws_gazebo/src/install/my_first_pkg/share/my_first_pkg//rviz/config.rviz
[1.614s] -- Up-to-date symlink: /home/eid/ws_gazebo/src/install/my_first_pkg/share/ament_index/resource_index/package_run_dependencies/my_first_pkg
[1.617s] -- Up-to-date symlink: /home/eid/ws_gazebo/src/install/my_first_pkg/share/ament_index/resource_index/parent_prefix_path/my_first_pkg
[1.618s] -- Up-to-date symlink: /home/eid/ws_gazebo/src/install/my_first_pkg/share/my_first_pkg/environment/ament_prefix_path.sh
[1.619s] -- Up-to-date symlink: /home/eid/ws_gazebo/src/install/my_first_pkg/share/my_first_pkg/environment/ament_prefix_path.dsv
[1.621s] -- Up-to-date symlink: /home/eid/ws_gazebo/src/install/my_first_pkg/share/my_first_pkg/environment/path.sh
[1.622s] -- Up-to-date symlink: /home/eid/ws_gazebo/src/install/my_first_pkg/share/my_first_pkg/environment/path.dsv
[1.624s] -- Up-to-date symlink: /home/eid/ws_gazebo/src/install/my_first_pkg/share/my_first_pkg/local_setup.bash
[1.625s] -- Up-to-date symlink: /home/eid/ws_gazebo/src/install/my_first_pkg/share/my_first_pkg/local_setup.sh
[1.626s] -- Up-to-date symlink: /home/eid/ws_gazebo/src/install/my_first_pkg/share/my_first_pkg/local_setup.zsh
[1.627s] -- Up-to-date symlink: /home/eid/ws_gazebo/src/install/my_first_pkg/share/my_first_pkg/local_setup.dsv
[1.628s] -- Symlinking: /home/eid/ws_gazebo/src/install/my_first_pkg/share/my_first_pkg/package.dsv
[1.654s] -- Up-to-date symlink: /home/eid/ws_gazebo/src/install/my_first_pkg/share/ament_index/resource_index/packages/my_first_pkg
[1.655s] -- Up-to-date symlink: /home/eid/ws_gazebo/src/install/my_first_pkg/share/my_first_pkg/cmake/my_first_pkgConfig.cmake
[1.656s] -- Up-to-date symlink: /home/eid/ws_gazebo/src/install/my_first_pkg/share/my_first_pkg/cmake/my_first_pkgConfig-version.cmake
[1.656s] -- Up-to-date symlink: /home/eid/ws_gazebo/src/install/my_first_pkg/share/my_first_pkg/package.xml
[1.666s] Invoked command in '/home/eid/ws_gazebo/src/build/my_first_pkg' returned '0': CMAKE_PREFIX_PATH=${CMAKE_PREFIX_PATH}:/home/eid/ws_gazebo/install/serial_motor_demo:/home/eid/ws_gazebo/install/serial:/home/eid/ws_gazebo/src/install/serial_motor_demo:/opt/ros/humble /usr/bin/cmake --install /home/eid/ws_gazebo/src/build/my_first_pkg
