[0.340s] Invoking command in '/home/eid/ws_gazebo/src/build/my_first_pkg': CMAKE_PREFIX_PATH=${CMAKE_PREFIX_PATH}:/home/eid/ws_gazebo/install/serial_motor_demo:/home/eid/ws_gazebo/src/install/serial_motor_demo:/opt/ros/humble /usr/bin/cmake --build /home/eid/ws_gazebo/src/build/my_first_pkg -- -j8 -l8
[0.409s] [100%] Built target my_node
[0.429s] Invoked command in '/home/eid/ws_gazebo/src/build/my_first_pkg' returned '0': CMAKE_PREFIX_PATH=${CMAKE_PREFIX_PATH}:/home/eid/ws_gazebo/install/serial_motor_demo:/home/eid/ws_gazebo/src/install/serial_motor_demo:/opt/ros/humble /usr/bin/cmake --build /home/eid/ws_gazebo/src/build/my_first_pkg -- -j8 -l8
[0.493s] Invoking command in '/home/eid/ws_gazebo/src/build/my_first_pkg': CMAKE_PREFIX_PATH=${CMAKE_PREFIX_PATH}:/home/eid/ws_gazebo/install/serial_motor_demo:/home/eid/ws_gazebo/src/install/serial_motor_demo:/opt/ros/humble /usr/bin/cmake --install /home/eid/ws_gazebo/src/build/my_first_pkg
[0.503s] -- Install configuration: ""
[0.508s] -- Execute custom install script
[0.509s] -- Up-to-date symlink: /home/eid/ws_gazebo/src/install/my_first_pkg/lib/my_first_pkg/my_node
[0.510s] -- Up-to-date symlink: /home/eid/ws_gazebo/src/install/my_first_pkg/share/my_first_pkg//launch/display.launch.py
[0.510s] -- Up-to-date symlink: /home/eid/ws_gazebo/src/install/my_first_pkg/share/my_first_pkg//launch/gazebo.launch.py
[0.510s] -- Up-to-date symlink: /home/eid/ws_gazebo/src/install/my_first_pkg/share/my_first_pkg//urdf/my_robot.urdf
[0.510s] -- Up-to-date symlink: /home/eid/ws_gazebo/src/install/my_first_pkg/share/my_first_pkg//rviz/config.rviz
[0.511s] -- Up-to-date symlink: /home/eid/ws_gazebo/src/install/my_first_pkg/share/ament_index/resource_index/package_run_dependencies/my_first_pkg
[0.511s] -- Up-to-date symlink: /home/eid/ws_gazebo/src/install/my_first_pkg/share/ament_index/resource_index/parent_prefix_path/my_first_pkg
[0.511s] -- Up-to-date symlink: /home/eid/ws_gazebo/src/install/my_first_pkg/share/my_first_pkg/environment/ament_prefix_path.sh
[0.512s] -- Up-to-date symlink: /home/eid/ws_gazebo/src/install/my_first_pkg/share/my_first_pkg/environment/ament_prefix_path.dsv
[0.512s] -- Up-to-date symlink: /home/eid/ws_gazebo/src/install/my_first_pkg/share/my_first_pkg/environment/path.sh
[0.513s] -- Up-to-date symlink: /home/eid/ws_gazebo/src/install/my_first_pkg/share/my_first_pkg/environment/path.dsv
[0.513s] -- Up-to-date symlink: /home/eid/ws_gazebo/src/install/my_first_pkg/share/my_first_pkg/local_setup.bash
[0.513s] -- Up-to-date symlink: /home/eid/ws_gazebo/src/install/my_first_pkg/share/my_first_pkg/local_setup.sh
[0.514s] -- Up-to-date symlink: /home/eid/ws_gazebo/src/install/my_first_pkg/share/my_first_pkg/local_setup.zsh
[0.514s] -- Up-to-date symlink: /home/eid/ws_gazebo/src/install/my_first_pkg/share/my_first_pkg/local_setup.dsv
[0.514s] -- Symlinking: /home/eid/ws_gazebo/src/install/my_first_pkg/share/my_first_pkg/package.dsv
[0.526s] -- Up-to-date symlink: /home/eid/ws_gazebo/src/install/my_first_pkg/share/ament_index/resource_index/packages/my_first_pkg
[0.526s] -- Up-to-date symlink: /home/eid/ws_gazebo/src/install/my_first_pkg/share/my_first_pkg/cmake/my_first_pkgConfig.cmake
[0.526s] -- Up-to-date symlink: /home/eid/ws_gazebo/src/install/my_first_pkg/share/my_first_pkg/cmake/my_first_pkgConfig-version.cmake
[0.527s] -- Up-to-date symlink: /home/eid/ws_gazebo/src/install/my_first_pkg/share/my_first_pkg/package.xml
[0.591s] Invoked command in '/home/eid/ws_gazebo/src/build/my_first_pkg' returned '0': CMAKE_PREFIX_PATH=${CMAKE_PREFIX_PATH}:/home/eid/ws_gazebo/install/serial_motor_demo:/home/eid/ws_gazebo/src/install/serial_motor_demo:/opt/ros/humble /usr/bin/cmake --install /home/eid/ws_gazebo/src/build/my_first_pkg
