[1.155s] Invoking command in '/home/eid/ws_gazebo/src/build/serial_motor_demo': CMAKE_PREFIX_PATH=/home/eid/ws_gazebo/src/install/serial_motor_demo_msgs:/home/eid/ws_gazebo/install/serial_motor_demo_msgs:/home/eid/ws_gazebo/install/nixbot:/home/eid/ws_gazebo/install/my_first_pkg:/home/eid/ws_gazebo/install/gazebo_test:/home/eid/ws_gazebo/install/diffdrive_arduino:/home/eid/ws_gazebo/src/install/serial:/home/eid/ws_gazebo/src/install/rplidar_ros:/home/eid/ws_gazebo/src/install/nixbot:/home/eid/ws_gazebo/src/install/my_first_pkg:/home/eid/ws_gazebo/src/install/diffdrive_arduino LD_LIBRARY_PATH=/home/eid/ws_gazebo/src/install/serial_motor_demo_msgs/lib:/home/eid/ws_gazebo/install/serial_motor_demo_msgs/lib:/home/eid/ws_gazebo/install/serial/lib:/home/eid/ws_gazebo/install/diffdrive_arduino/lib:/home/eid/ws_gazebo/src/install/serial/lib:/home/eid/ws_gazebo/src/install/diffdrive_arduino/lib:/usr/lib/x86_64-linux-gnu/gazebo-11/plugins:/opt/ros/humble/opt/rviz_ogre_vendor/lib:/opt/ros/humble/lib/x86_64-linux-gnu:/opt/ros/humble/lib PYTHONPATH=/home/eid/ws_gazebo/src/build/serial_motor_demo/prefix_override:/home/eid/ws_gazebo/src/install/serial_motor_demo/lib/python3.10/site-packages:${PYTHONPATH} /usr/bin/python3 setup.py develop --editable --build-directory /home/eid/ws_gazebo/src/build/serial_motor_demo/build --no-deps install_data
[1.376s] /usr/lib/python3/dist-packages/setuptools/dist.py:723: UserWarning: Usage of dash-separated 'script-dir' will not be supported in future versions. Please use the underscore name 'script_dir' instead
[1.376s]   warnings.warn(
[1.401s] running develop
[1.408s] /usr/lib/python3/dist-packages/setuptools/command/easy_install.py:158: EasyInstallDeprecationWarning: easy_install command is deprecated. Use build and pip and other standards-based tools.
[1.408s]   warnings.warn(
[1.412s] /usr/lib/python3/dist-packages/setuptools/command/install.py:34: SetuptoolsDeprecationWarning: setup.py install is deprecated. Use build and pip and other standards-based tools.
[1.412s]   warnings.warn(
[1.578s] running egg_info
[1.579s] writing serial_motor_demo.egg-info/PKG-INFO
[1.579s] writing dependency_links to serial_motor_demo.egg-info/dependency_links.txt
[1.579s] writing entry points to serial_motor_demo.egg-info/entry_points.txt
[1.579s] writing requirements to serial_motor_demo.egg-info/requires.txt
[1.579s] writing top-level names to serial_motor_demo.egg-info/top_level.txt
[1.582s] reading manifest file 'serial_motor_demo.egg-info/SOURCES.txt'
[1.583s] writing manifest file 'serial_motor_demo.egg-info/SOURCES.txt'
[1.584s] running build_ext
[1.584s] Creating /home/eid/ws_gazebo/src/install/serial_motor_demo/lib/python3.10/site-packages/serial-motor-demo.egg-link (link to .)
[1.585s] Installing driver script to /home/eid/ws_gazebo/src/install/serial_motor_demo/lib/serial_motor_demo
[1.585s] Installing gui script to /home/eid/ws_gazebo/src/install/serial_motor_demo/lib/serial_motor_demo
[1.585s] 
[1.585s] Installed /home/eid/ws_gazebo/src/build/serial_motor_demo
[1.585s] running install_data
[1.612s] Invoked command in '/home/eid/ws_gazebo/src/build/serial_motor_demo' returned '0': CMAKE_PREFIX_PATH=/home/eid/ws_gazebo/src/install/serial_motor_demo_msgs:/home/eid/ws_gazebo/install/serial_motor_demo_msgs:/home/eid/ws_gazebo/install/nixbot:/home/eid/ws_gazebo/install/my_first_pkg:/home/eid/ws_gazebo/install/gazebo_test:/home/eid/ws_gazebo/install/diffdrive_arduino:/home/eid/ws_gazebo/src/install/serial:/home/eid/ws_gazebo/src/install/rplidar_ros:/home/eid/ws_gazebo/src/install/nixbot:/home/eid/ws_gazebo/src/install/my_first_pkg:/home/eid/ws_gazebo/src/install/diffdrive_arduino LD_LIBRARY_PATH=/home/eid/ws_gazebo/src/install/serial_motor_demo_msgs/lib:/home/eid/ws_gazebo/install/serial_motor_demo_msgs/lib:/home/eid/ws_gazebo/install/serial/lib:/home/eid/ws_gazebo/install/diffdrive_arduino/lib:/home/eid/ws_gazebo/src/install/serial/lib:/home/eid/ws_gazebo/src/install/diffdrive_arduino/lib:/usr/lib/x86_64-linux-gnu/gazebo-11/plugins:/opt/ros/humble/opt/rviz_ogre_vendor/lib:/opt/ros/humble/lib/x86_64-linux-gnu:/opt/ros/humble/lib PYTHONPATH=/home/eid/ws_gazebo/src/build/serial_motor_demo/prefix_override:/home/eid/ws_gazebo/src/install/serial_motor_demo/lib/python3.10/site-packages:${PYTHONPATH} /usr/bin/python3 setup.py develop --editable --build-directory /home/eid/ws_gazebo/src/build/serial_motor_demo/build --no-deps install_data
