[2.325s] Invoking command in '/home/eid/ws_gazebo/src/build/serial_motor_demo': AMENT_PREFIX_PATH=/home/eid/ws_gazebo/src/install/serial_motor_demo_msgs:${AMENT_PREFIX_PATH} CMAKE_PREFIX_PATH=/home/eid/ws_gazebo/src/install/serial_motor_demo_msgs LD_LIBRARY_PATH=/home/eid/ws_gazebo/src/install/serial_motor_demo_msgs/lib:${LD_LIBRARY_PATH} PYTHONPATH=/home/eid/ws_gazebo/src/build/serial_motor_demo/prefix_override:/home/eid/ws_gazebo/src/install/serial_motor_demo/lib/python3.10/site-packages:/home/eid/ws_gazebo/src/install/serial_motor_demo_msgs/local/lib/python3.10/dist-packages:${PYTHONPATH} /usr/bin/python3 setup.py develop --editable --build-directory /home/eid/ws_gazebo/src/build/serial_motor_demo/build --no-deps install_data
[2.946s] /usr/lib/python3/dist-packages/setuptools/dist.py:723: UserWarning: Usage of dash-separated 'script-dir' will not be supported in future versions. Please use the underscore name 'script_dir' instead
[2.946s]   warnings.warn(
[3.011s] running develop
[3.017s] /usr/lib/python3/dist-packages/setuptools/command/easy_install.py:158: EasyInstallDeprecationWarning: easy_install command is deprecated. Use build and pip and other standards-based tools.
[3.020s]   warnings.warn(
[3.021s] /usr/lib/python3/dist-packages/setuptools/command/install.py:34: SetuptoolsDeprecationWarning: setup.py install is deprecated. Use build and pip and other standards-based tools.
[3.021s]   warnings.warn(
[3.455s] running egg_info
[3.455s] writing serial_motor_demo.egg-info/PKG-INFO
[3.463s] writing dependency_links to serial_motor_demo.egg-info/dependency_links.txt
[3.464s] writing entry points to serial_motor_demo.egg-info/entry_points.txt
[3.464s] writing requirements to serial_motor_demo.egg-info/requires.txt
[3.464s] writing top-level names to serial_motor_demo.egg-info/top_level.txt
[3.469s] reading manifest file 'serial_motor_demo.egg-info/SOURCES.txt'
[3.473s] writing manifest file 'serial_motor_demo.egg-info/SOURCES.txt'
[3.475s] running build_ext
[3.475s] Creating /home/eid/ws_gazebo/src/install/serial_motor_demo/lib/python3.10/site-packages/serial-motor-demo.egg-link (link to .)
[3.477s] Installing driver script to /home/eid/ws_gazebo/src/install/serial_motor_demo/lib/serial_motor_demo
[3.477s] Installing gui script to /home/eid/ws_gazebo/src/install/serial_motor_demo/lib/serial_motor_demo
[3.477s] 
[3.478s] Installed /home/eid/ws_gazebo/src/build/serial_motor_demo
[3.478s] running install_data
[3.596s] Invoked command in '/home/eid/ws_gazebo/src/build/serial_motor_demo' returned '0': AMENT_PREFIX_PATH=/home/eid/ws_gazebo/src/install/serial_motor_demo_msgs:${AMENT_PREFIX_PATH} CMAKE_PREFIX_PATH=/home/eid/ws_gazebo/src/install/serial_motor_demo_msgs LD_LIBRARY_PATH=/home/eid/ws_gazebo/src/install/serial_motor_demo_msgs/lib:${LD_LIBRARY_PATH} PYTHONPATH=/home/eid/ws_gazebo/src/build/serial_motor_demo/prefix_override:/home/eid/ws_gazebo/src/install/serial_motor_demo/lib/python3.10/site-packages:/home/eid/ws_gazebo/src/install/serial_motor_demo_msgs/local/lib/python3.10/dist-packages:${PYTHONPATH} /usr/bin/python3 setup.py develop --editable --build-directory /home/eid/ws_gazebo/src/build/serial_motor_demo/build --no-deps install_data
